{
  level: 'error',
  message: 'HTTP GET /error',
  metadata: {
    meta: {
      req: {
        url: '/error',
        headers: {
          'user-agent': 'vscode-restclient',
          'accept-encoding': 'gzip, deflate',
          host: 'localhost:5002',
          connection: 'close'
        },
        method: 'GET',
        httpVersion: '1.1',
        originalUrl: '/error',
        query: {}
      },
      res: { statusCode: 500 },
      responseTime: 196
    },
    timestamp: '2023-01-10T10:04:18.008Z'
  }
}
{
  level: 'error',
  message: 'HTTP GET /error',
  metadata: {
    meta: {
      req: {
        url: '/error',
        headers: {
          'user-agent': 'vscode-restclient',
          'accept-encoding': 'gzip, deflate',
          host: 'localhost:5002',
          connection: 'close'
        },
        method: 'GET',
        httpVersion: '1.1',
        originalUrl: '/error',
        query: {}
      },
      res: { statusCode: 500 },
      responseTime: 154
    },
    timestamp: '2023-01-10T10:06:03.724Z'
  }
}
{
  level: 'error',
  message: 'HTTP GET /error',
  metadata: {
    meta: {
      req: {
        url: '/error',
        headers: {
          'user-agent': 'vscode-restclient',
          'accept-encoding': 'gzip, deflate',
          host: 'localhost:5002',
          connection: 'close'
        },
        method: 'GET',
        httpVersion: '1.1',
        originalUrl: '/error',
        query: {}
      },
      res: { statusCode: 500 },
      responseTime: 134
    },
    timestamp: '2023-01-10T10:13:03.238Z'
  }
}
